The system is: Darwin - 15.6.0 - x86_64
Compiling the Fortran compiler identification source file "CMakeFortranCompilerId.F" succeeded.
Compiler: /opt/intel/compilers_and_libraries_2017.1.126/mac/bin/intel64/ifort 
Build flags: 
Id flags: -v

The output was:
0
ifort version 17.0.1
/opt/intel/compilers_and_libraries_2017.1.126/mac/bin/intel64/fpp    -D__INTEL_COMPILER=1700 -D__INTEL_COMPILER_UPDATE=1 -D__x86_64 -D__x86_64__ -D__amd64 -D__amd64__ -D__INTEL_COMPILER_BUILD_DATE=20161013 -D__PIC__ -D__APPLE__ -D__MACH__ -D__pentium4 -D__pentium4__ -D__tune_pentium4__ -D__SSE2__ -D__SSE2_MATH__ -D__SSE3__ -D__SSSE3__ -D__SSE__ -D__SSE_MATH__ -D__MMX__ -I. -I/opt/intel/compilers_and_libraries_2017.1.126/mac/mkl/include -I/opt/intel/compilers_and_libraries_2017.1.126/mac/mkl/include -I/opt/intel/compilers_and_libraries_2017.1.126/mac/compiler/include/intel64 -I/opt/intel/compilers_and_libraries_2017.1.126/mac/compiler/include/icc -I/opt/intel/compilers_and_libraries_2017.1.126/mac/compiler/include -I/Applications/Xcode.app/Contents/Developer/Toolchains/XcodeDefault.xctoolchain/usr/bin/../lib/clang/7.3.0/include -I/usr/local/include -I/usr/include/ -I/usr/include -fixed -4Ycpp -4Ncvf -f_com=yes -MX CMakeFortranCompilerId.F /var/folders/w_/47y3vz812qbfttm_3lt694mw0000gn/T/iforti5PGzh.i
#include "..." search starts here:
#include <...> search starts here:
 .
 /opt/intel/compilers_and_libraries_2017.1.126/mac/mkl/include
 /opt/intel/compilers_and_libraries_2017.1.126/mac/mkl/include
 /opt/intel/compilers_and_libraries_2017.1.126/mac/compiler/include/intel64
 /opt/intel/compilers_and_libraries_2017.1.126/mac/compiler/include
 /Applications/Xcode.app/Contents/Developer/Toolchains/XcodeDefault.xctoolchain/usr/bin/../lib/clang/7.3.0/include
 /usr/local/include
 /usr/include/
 /usr/include
End of search list.
/opt/intel/compilers_and_libraries_2017.1.126/mac/bin/intel64/fortcom    -D__INTEL_COMPILER=1700 -D__INTEL_COMPILER_UPDATE=1 -D__x86_64 -D__x86_64__ -D__amd64 -D__amd64__ -D__INTEL_COMPILER_BUILD_DATE=20161013 -D__PIC__ -D__APPLE__ -D__MACH__ -D__pentium4 -D__pentium4__ -D__tune_pentium4__ -D__SSE2__ -D__SSE2_MATH__ -D__SSE3__ -D__SSSE3__ -D__SSE__ -D__SSE_MATH__ -D__MMX__ -mGLOB_pack_sort_init_list -I. -I/opt/intel/compilers_and_libraries_2017.1.126/mac/mkl/include -I/opt/intel/compilers_and_libraries_2017.1.126/mac/mkl/include -I/opt/intel/compilers_and_libraries_2017.1.126/mac/compiler/include/intel64 -I/opt/intel/compilers_and_libraries_2017.1.126/mac/compiler/include/icc -I/opt/intel/compilers_and_libraries_2017.1.126/mac/compiler/include -I/Applications/Xcode.app/Contents/Developer/Toolchains/XcodeDefault.xctoolchain/usr/bin/../lib/clang/7.3.0/include -I/usr/local/include -I/usr/include/ -I/usr/include -O2 "-reentrancy threaded" -simd -mGLOB_em64t=TRUE -mP1OPT_version=17.0-intel64 -mGLOB_diag_file=/var/folders/w_/47y3vz812qbfttm_3lt694mw0000gn/T/ifortRPEJhh.diag -mGLOB_diag_use_message_catalog=FALSE -mGLOB_long_size_64 -mGLOB_routine_pointer_size_64 -mGLOB_source_language=GLOB_SOURCE_LANGUAGE_F90 -mP2OPT_static_promotion -mP1OPT_print_version=FALSE -mCG_use_gas_got_workaround=F -mP2OPT_align_option_used=TRUE -mGLOB_gcc_version=490 -mGLOB_options_string=-v -mGLOB_position_independent_code -mGLOB_preemption_model=1 -mGLOB_no_compact_unwind=TRUE -mGLOB_cxx_limited_range=FALSE -mCG_extend_parms=FALSE -mGLOB_compiler_bin_directory=/opt/intel/compilers_and_libraries_2017.1.126/mac/bin/intel64 -mGLOB_as_output_backup_file_name=/var/folders/w_/47y3vz812qbfttm_3lt694mw0000gn/T/ifortaSrQbVas_.s -mGLOB_dashboard_use_source_name -mIPOPT_activate -mIPOPT_lite -mGLOB_instruction_tuning=0x0 -mGLOB_uarch_tuning=0x0 -mGLOB_product_id_code=0x22006d8f -mCG_bnl_movbe=T -mGLOB_extended_instructions=0x80 -mP3OPT_use_mspp_call_convention -mP2OPT_subs_out_of_bound=FALSE -mP2OPT_disam_type_based_disam=2 -mGLOB_ansi_alias -mPGOPTI_value_profile_use=T -mGLOB_opt_report_use_source_name -mP2OPT_il0_array_sections=TRUE -mP2OPT_hlo_level=2 -mP2OPT_hlo -mP2OPT_hpo_rtt_control=0 -mIPOPT_args_in_regs=0 -mP2OPT_disam_assume_nonstd_intent_in=FALSE -mGLOB_imf_mapping_library=/opt/intel/compilers_and_libraries_2017.1.126/mac/bin/intel64/libiml_attr.dylib -mIPOPT_single_file_compile_and_link=TRUE -mPGOPTI_gen_threadsafe_level=0 -mIPOPT_obj_output_file_name=/var/folders/w_/47y3vz812qbfttm_3lt694mw0000gn/T/ifortRPEJhh.o -mIPOPT_whole_archive_fixup_file_name=/var/folders/w_/47y3vz812qbfttm_3lt694mw0000gn/T/ifortwarchEtLBS9 -mGLOB_driver_tempfile_name=/var/folders/w_/47y3vz812qbfttm_3lt694mw0000gn/T/iforttempfilefH0FFJ -mGLOB_os_target=GLOB_OS_TARGET_MACH -mGLOB_async_unwind_tables=TRUE -mGLOB_obj_output_file=/var/folders/w_/47y3vz812qbfttm_3lt694mw0000gn/T/ifortRPEJhh.o -mGLOB_source_dialect=GLOB_SOURCE_DIALECT_FORTRAN -mP1OPT_source_file_name=CMakeFortranCompilerId.F -mP1OPT_full_source_file_name=/Users/Meow/Documents/physics/research/InfiniteNanotubeBundle/CMakeFiles/3.7.1/CompilerIdFortran/CMakeFortranCompilerId.F -mP2OPT_symtab_type_copy=true /var/folders/w_/47y3vz812qbfttm_3lt694mw0000gn/T/iforti5PGzh.i
#include "..." search starts here:
#include <...> search starts here:
 .
 /opt/intel/compilers_and_libraries_2017.1.126/mac/mkl/include
 /opt/intel/compilers_and_libraries_2017.1.126/mac/mkl/include
 /opt/intel/compilers_and_libraries_2017.1.126/mac/compiler/include/intel64
 /opt/intel/compilers_and_libraries_2017.1.126/mac/compiler/include
 /Applications/Xcode.app/Contents/Developer/Toolchains/XcodeDefault.xctoolchain/usr/bin/../lib/clang/7.3.0/include
 /usr/local/include
 /usr/include/
 /usr/include
End of search list.
/Applications/Xcode.app/Contents/Developer/Toolchains/XcodeDefault.xctoolchain/usr/bin/ld    -dynamic -arch x86_64 -weak_reference_mismatches non-weak -macosx_version_min 10.11.6 -o a.out /opt/intel/compilers_and_libraries_2017.1.126/mac/compiler/lib/for_main.o -L/opt/intel/compilers_and_libraries_2017.1.126/mac/compiler/lib -L/opt/intel/compilers_and_libraries_2017.1.126/mac/mkl/lib -L/opt/intel/compilers_and_libraries_2017.1.126/mac/compiler/lib -L/opt/intel/compilers_and_libraries_2017.1.126/mac/mkl/lib -L/opt/intel/compilers_and_libraries_2017.1.126/mac/compiler/lib -L/usr/lib /var/folders/w_/47y3vz812qbfttm_3lt694mw0000gn/T/ifortRPEJhh.o /opt/intel/compilers_and_libraries_2017.1.126/mac/compiler/lib/libifport.a /opt/intel/compilers_and_libraries_2017.1.126/mac/compiler/lib/libifcoremt.a /opt/intel/compilers_and_libraries_2017.1.126/mac/compiler/lib/libimf.a /opt/intel/compilers_and_libraries_2017.1.126/mac/compiler/lib/libsvml.a /opt/intel/compilers_and_libraries_2017.1.126/mac/compiler/lib/libipgo.a -lSystem /opt/intel/compilers_and_libraries_2017.1.126/mac/compiler/lib/libirc.a -lpthread /opt/intel/compilers_and_libraries_2017.1.126/mac/compiler/lib/libsvml.a /Applications/Xcode.app/Contents/Developer/Toolchains/XcodeDefault.xctoolchain/usr/bin/../lib/clang/7.3.0/lib/darwin/libclang_rt.osx.a


Compilation of the Fortran compiler identification source "CMakeFortranCompilerId.F" produced "a.out"

The Fortran compiler identification is Intel, found in "/Users/Meow/Documents/physics/research/InfiniteNanotubeBundle/CMakeFiles/3.7.1/CompilerIdFortran/a.out"

Determining if the Fortran compiler works passed with the following output:
Change Dir: /Users/Meow/Documents/physics/research/InfiniteNanotubeBundle/CMakeFiles/CMakeTmp

Run Build Command:"/usr/bin/make" "cmTC_435f3/fast"
/Applications/Xcode.app/Contents/Developer/usr/bin/make -f CMakeFiles/cmTC_435f3.dir/build.make CMakeFiles/cmTC_435f3.dir/build
Building Fortran object CMakeFiles/cmTC_435f3.dir/testFortranCompiler.f.o
/opt/intel/compilers_and_libraries_2017.1.126/mac/bin/intel64/ifort     -c /Users/Meow/Documents/physics/research/InfiniteNanotubeBundle/CMakeFiles/CMakeTmp/testFortranCompiler.f -o CMakeFiles/cmTC_435f3.dir/testFortranCompiler.f.o
Linking Fortran executable cmTC_435f3
/usr/local/Cellar/cmake/3.7.1/bin/cmake -E cmake_link_script CMakeFiles/cmTC_435f3.dir/link.txt --verbose=1
/opt/intel/compilers_and_libraries_2017.1.126/mac/bin/intel64/ifort       CMakeFiles/cmTC_435f3.dir/testFortranCompiler.f.o  -o cmTC_435f3  


Detecting Fortran compiler ABI info compiled with the following output:
Change Dir: /Users/Meow/Documents/physics/research/InfiniteNanotubeBundle/CMakeFiles/CMakeTmp

Run Build Command:"/usr/bin/make" "cmTC_f95c9/fast"
/Applications/Xcode.app/Contents/Developer/usr/bin/make -f CMakeFiles/cmTC_f95c9.dir/build.make CMakeFiles/cmTC_f95c9.dir/build
Building Fortran object CMakeFiles/cmTC_f95c9.dir/CMakeFortranCompilerABI.F.o
/opt/intel/compilers_and_libraries_2017.1.126/mac/bin/intel64/ifort     -c /usr/local/Cellar/cmake/3.7.1/share/cmake/Modules/CMakeFortranCompilerABI.F -o CMakeFiles/cmTC_f95c9.dir/CMakeFortranCompilerABI.F.o
Linking Fortran executable cmTC_f95c9
/usr/local/Cellar/cmake/3.7.1/bin/cmake -E cmake_link_script CMakeFiles/cmTC_f95c9.dir/link.txt --verbose=1
/opt/intel/compilers_and_libraries_2017.1.126/mac/bin/intel64/ifort    -v -Wl,-v   CMakeFiles/cmTC_f95c9.dir/CMakeFortranCompilerABI.F.o  -o cmTC_f95c9   
ifort version 17.0.1
/opt/intel/compilers_and_libraries_2017.1.126/mac/bin/intel64/fortcom    -mGLOB_em64t=TRUE -mP1OPT_version=17.0-intel64 -mGLOB_diag_file=CMakeFiles/cmTC_f95c9.dir/CMakeFortranCompilerABI.F.diag -mGLOB_diag_use_message_catalog=FALSE -mGLOB_long_size_64 -mGLOB_routine_pointer_size_64 -mGLOB_source_language=GLOB_SOURCE_LANGUAGE_F90 -mP2OPT_static_promotion -mP1OPT_print_version=FALSE -mCG_use_gas_got_workaround=F -mP2OPT_align_option_used=TRUE -mGLOB_gcc_version=490 "-mGLOB_options_string=-v -Wl,-v -o cmTC_f95c9" -mGLOB_position_independent_code -mGLOB_preemption_model=1 -mGLOB_no_compact_unwind=TRUE -mGLOB_cxx_limited_range=FALSE -mCG_extend_parms=FALSE -mGLOB_compiler_bin_directory=/opt/intel/compilers_and_libraries_2017.1.126/mac/bin/intel64 -mGLOB_as_output_backup_file_name=/var/folders/w_/47y3vz812qbfttm_3lt694mw0000gn/T/ifortt8b5gFas_.s -mGLOB_dashboard_use_source_name -mIPOPT_activate -mGLOB_product_id_code=0x22006d8f -mP3OPT_use_mspp_call_convention -mP2OPT_subs_out_of_bound=FALSE -mP2OPT_disam_type_based_disam=2 -mGLOB_ansi_alias -mPGOPTI_value_profile_use=T -mGLOB_opt_report_use_source_name -mP2OPT_il0_array_sections=TRUE -mP2OPT_hlo -mP2OPT_hpo_rtt_control=0 -mIPOPT_args_in_regs=0 -mP2OPT_disam_assume_nonstd_intent_in=FALSE -mGLOB_imf_mapping_library=/opt/intel/compilers_and_libraries_2017.1.126/mac/bin/intel64/libiml_attr.dylib -mPGOPTI_gen_threadsafe_level=0 -mIPOPT_link -mIPOPT_ipo_activate -mIPOPT_mo_activate -mIPOPT_source_files_list=/var/folders/w_/47y3vz812qbfttm_3lt694mw0000gn/T/ifortslisG4iErH -mIPOPT_mo_global_data "-mIPOPT_cmdline_link="-dynamic" "-arch" "x86_64" "-weak_reference_mismatches" "non-weak" "-macosx_version_min" "10.11.6" "-no_compact_unwind" "-o" "cmTC_f95c9" "/opt/intel/compilers_and_libraries_2017.1.126/mac/compiler/lib/for_main.o" "-L/opt/intel/compilers_and_libraries_2017.1.126/mac/compiler/lib" "-L/opt/intel/compilers_and_libraries_2017.1.126/mac/mkl/lib" "-L/opt/intel/compilers_and_libraries_2017.1.126/mac/compiler/lib" "-L/opt/intel/compilers_and_libraries_2017.1.126/mac/mkl/lib" "-L/opt/intel/compilers_and_libraries_2017.1.126/mac/compiler/lib" "-L/usr/lib" "-v" "CMakeFiles/cmTC_f95c9.dir/CMakeFortranCompilerABI.F.o" "/opt/intel/compilers_and_libraries_2017.1.126/mac/compiler/lib/libifport.a" "/opt/intel/compilers_and_libraries_2017.1.126/mac/compiler/lib/libifcoremt.a" "/opt/intel/compilers_and_libraries_2017.1.126/mac/compiler/lib/libimf.a" "/opt/intel/compilers_and_libraries_2017.1.126/mac/compiler/lib/libsvml.a" "/opt/intel/compilers_and_libraries_2017.1.126/mac/compiler/lib/libipgo.a" "-lSystem" "/opt/intel/compilers_and_libraries_2017.1.126/mac/compiler/lib/libirc.a" "-lpthread" "/opt/intel/compilers_and_libraries_2017.1.126/mac/compiler/lib/libsvml.a" "/Applications/Xcode.app/Contents/Developer/Toolchains/XcodeDefault.xctoolchain/usr/bin/../lib/clang/7.3.0/lib/darwin/libclang_rt.osx.a"" -mIPOPT_il_in_obj -mIPOPT_ipo_activate_warn=FALSE -mIPOPT_obj_output_file_name=/var/folders/w_/47y3vz812qbfttm_3lt694mw0000gn/T/ipo_ifortNWzIAF.o -mIPOPT_whole_archive_fixup_file_name=/var/folders/w_/47y3vz812qbfttm_3lt694mw0000gn/T/ifortwarchndRWmK -mGLOB_driver_tempfile_name=/var/folders/w_/47y3vz812qbfttm_3lt694mw0000gn/T/iforttempfileThdhen -mGLOB_os_target=GLOB_OS_TARGET_MACH -mGLOB_async_unwind_tables=TRUE -mGLOB_obj_output_file=/var/folders/w_/47y3vz812qbfttm_3lt694mw0000gn/T/ipo_ifortNWzIAF.o -mGLOB_source_dialect=GLOB_SOURCE_DIALECT_NONE -mP1OPT_source_file_name=ipo_out.f -mP2OPT_symtab_type_copy=true CMakeFiles/cmTC_f95c9.dir/CMakeFortranCompilerABI.F.o -mIPOPT_object_files=T -mIPOPT_assembly_files=/var/folders/w_/47y3vz812qbfttm_3lt694mw0000gn/T/ifortalisLYsHbc -mIPOPT_generated_tempfiles=/var/folders/w_/47y3vz812qbfttm_3lt694mw0000gn/T/ifortelisraPwsW -mIPOPT_embedded_object_base_name=/var/folders/w_/47y3vz812qbfttm_3lt694mw0000gn/T/iforteobjIiSlET
/Applications/Xcode.app/Contents/Developer/Toolchains/XcodeDefault.xctoolchain/usr/bin/ld    -dynamic -arch x86_64 -weak_reference_mismatches non-weak -macosx_version_min 10.11.6 -o cmTC_f95c9 /opt/intel/compilers_and_libraries_2017.1.126/mac/compiler/lib/for_main.o -L/opt/intel/compilers_and_libraries_2017.1.126/mac/compiler/lib -L/opt/intel/compilers_and_libraries_2017.1.126/mac/mkl/lib -L/opt/intel/compilers_and_libraries_2017.1.126/mac/compiler/lib -L/opt/intel/compilers_and_libraries_2017.1.126/mac/mkl/lib -L/opt/intel/compilers_and_libraries_2017.1.126/mac/compiler/lib -L/usr/lib CMakeFiles/cmTC_f95c9.dir/CMakeFortranCompilerABI.F.o -v /opt/intel/compilers_and_libraries_2017.1.126/mac/compiler/lib/libifport.a /opt/intel/compilers_and_libraries_2017.1.126/mac/compiler/lib/libifcoremt.a /opt/intel/compilers_and_libraries_2017.1.126/mac/compiler/lib/libimf.a /opt/intel/compilers_and_libraries_2017.1.126/mac/compiler/lib/libsvml.a /opt/intel/compilers_and_libraries_2017.1.126/mac/compiler/lib/libipgo.a -lSystem /opt/intel/compilers_and_libraries_2017.1.126/mac/compiler/lib/libirc.a -lpthread /opt/intel/compilers_and_libraries_2017.1.126/mac/compiler/lib/libsvml.a /Applications/Xcode.app/Contents/Developer/Toolchains/XcodeDefault.xctoolchain/usr/bin/../lib/clang/7.3.0/lib/darwin/libclang_rt.osx.a
@(#)PROGRAM:ld  PROJECT:ld64-264.3.101
configured to support archs: armv6 armv7 armv7s arm64 i386 x86_64 x86_64h armv6m armv7k armv7m armv7em (tvOS)
Library search paths:
	/opt/intel/compilers_and_libraries_2017.1.126/mac/compiler/lib
	/opt/intel/compilers_and_libraries_2017.1.126/mac/mkl/lib
	/opt/intel/compilers_and_libraries_2017.1.126/mac/compiler/lib
	/opt/intel/compilers_and_libraries_2017.1.126/mac/mkl/lib
	/opt/intel/compilers_and_libraries_2017.1.126/mac/compiler/lib
	/usr/lib
	/usr/lib
	/usr/local/lib
Framework search paths:
	/Library/Frameworks/
	/System/Library/Frameworks/


Parsed Fortran implicit link information from above output:
  link line regex: [^( *|.*[/\])(ld|([^/\]+-)?ld|collect2)[^/\]*( |$)]
  ignore line: [Change Dir: /Users/Meow/Documents/physics/research/InfiniteNanotubeBundle/CMakeFiles/CMakeTmp]
  ignore line: []
  ignore line: [Run Build Command:"/usr/bin/make" "cmTC_f95c9/fast"]
  ignore line: [/Applications/Xcode.app/Contents/Developer/usr/bin/make -f CMakeFiles/cmTC_f95c9.dir/build.make CMakeFiles/cmTC_f95c9.dir/build]
  ignore line: [Building Fortran object CMakeFiles/cmTC_f95c9.dir/CMakeFortranCompilerABI.F.o]
  ignore line: [/opt/intel/compilers_and_libraries_2017.1.126/mac/bin/intel64/ifort     -c /usr/local/Cellar/cmake/3.7.1/share/cmake/Modules/CMakeFortranCompilerABI.F -o CMakeFiles/cmTC_f95c9.dir/CMakeFortranCompilerABI.F.o]
  ignore line: [Linking Fortran executable cmTC_f95c9]
  ignore line: [/usr/local/Cellar/cmake/3.7.1/bin/cmake -E cmake_link_script CMakeFiles/cmTC_f95c9.dir/link.txt --verbose=1]
  ignore line: [/opt/intel/compilers_and_libraries_2017.1.126/mac/bin/intel64/ifort    -v -Wl,-v   CMakeFiles/cmTC_f95c9.dir/CMakeFortranCompilerABI.F.o  -o cmTC_f95c9   ]
  ignore line: [ifort version 17.0.1]
  ignore line: [/opt/intel/compilers_and_libraries_2017.1.126/mac/bin/intel64/fortcom    -mGLOB_em64t=TRUE -mP1OPT_version=17.0-intel64 -mGLOB_diag_file=CMakeFiles/cmTC_f95c9.dir/CMakeFortranCompilerABI.F.diag -mGLOB_diag_use_message_catalog=FALSE -mGLOB_long_size_64 -mGLOB_routine_pointer_size_64 -mGLOB_source_language=GLOB_SOURCE_LANGUAGE_F90 -mP2OPT_static_promotion -mP1OPT_print_version=FALSE -mCG_use_gas_got_workaround=F -mP2OPT_align_option_used=TRUE -mGLOB_gcc_version=490 "-mGLOB_options_string=-v -Wl,-v -o cmTC_f95c9" -mGLOB_position_independent_code -mGLOB_preemption_model=1 -mGLOB_no_compact_unwind=TRUE -mGLOB_cxx_limited_range=FALSE -mCG_extend_parms=FALSE -mGLOB_compiler_bin_directory=/opt/intel/compilers_and_libraries_2017.1.126/mac/bin/intel64 -mGLOB_as_output_backup_file_name=/var/folders/w_/47y3vz812qbfttm_3lt694mw0000gn/T/ifortt8b5gFas_.s -mGLOB_dashboard_use_source_name -mIPOPT_activate -mGLOB_product_id_code=0x22006d8f -mP3OPT_use_mspp_call_convention -mP2OPT_subs_out_of_bound=FALSE -mP2OPT_disam_type_based_disam=2 -mGLOB_ansi_alias -mPGOPTI_value_profile_use=T -mGLOB_opt_report_use_source_name -mP2OPT_il0_array_sections=TRUE -mP2OPT_hlo -mP2OPT_hpo_rtt_control=0 -mIPOPT_args_in_regs=0 -mP2OPT_disam_assume_nonstd_intent_in=FALSE -mGLOB_imf_mapping_library=/opt/intel/compilers_and_libraries_2017.1.126/mac/bin/intel64/libiml_attr.dylib -mPGOPTI_gen_threadsafe_level=0 -mIPOPT_link -mIPOPT_ipo_activate -mIPOPT_mo_activate -mIPOPT_source_files_list=/var/folders/w_/47y3vz812qbfttm_3lt694mw0000gn/T/ifortslisG4iErH -mIPOPT_mo_global_data "-mIPOPT_cmdline_link="-dynamic" "-arch" "x86_64" "-weak_reference_mismatches" "non-weak" "-macosx_version_min" "10.11.6" "-no_compact_unwind" "-o" "cmTC_f95c9" "/opt/intel/compilers_and_libraries_2017.1.126/mac/compiler/lib/for_main.o" "-L/opt/intel/compilers_and_libraries_2017.1.126/mac/compiler/lib" "-L/opt/intel/compilers_and_libraries_2017.1.126/mac/mkl/lib" "-L/opt/intel/compilers_and_libraries_2017.1.126/mac/compiler/lib" "-L/opt/intel/compilers_and_libraries_2017.1.126/mac/mkl/lib" "-L/opt/intel/compilers_and_libraries_2017.1.126/mac/compiler/lib" "-L/usr/lib" "-v" "CMakeFiles/cmTC_f95c9.dir/CMakeFortranCompilerABI.F.o" "/opt/intel/compilers_and_libraries_2017.1.126/mac/compiler/lib/libifport.a" "/opt/intel/compilers_and_libraries_2017.1.126/mac/compiler/lib/libifcoremt.a" "/opt/intel/compilers_and_libraries_2017.1.126/mac/compiler/lib/libimf.a" "/opt/intel/compilers_and_libraries_2017.1.126/mac/compiler/lib/libsvml.a" "/opt/intel/compilers_and_libraries_2017.1.126/mac/compiler/lib/libipgo.a" "-lSystem" "/opt/intel/compilers_and_libraries_2017.1.126/mac/compiler/lib/libirc.a" "-lpthread" "/opt/intel/compilers_and_libraries_2017.1.126/mac/compiler/lib/libsvml.a" "/Applications/Xcode.app/Contents/Developer/Toolchains/XcodeDefault.xctoolchain/usr/bin/../lib/clang/7.3.0/lib/darwin/libclang_rt.osx.a"" -mIPOPT_il_in_obj -mIPOPT_ipo_activate_warn=FALSE -mIPOPT_obj_output_file_name=/var/folders/w_/47y3vz812qbfttm_3lt694mw0000gn/T/ipo_ifortNWzIAF.o -mIPOPT_whole_archive_fixup_file_name=/var/folders/w_/47y3vz812qbfttm_3lt694mw0000gn/T/ifortwarchndRWmK -mGLOB_driver_tempfile_name=/var/folders/w_/47y3vz812qbfttm_3lt694mw0000gn/T/iforttempfileThdhen -mGLOB_os_target=GLOB_OS_TARGET_MACH -mGLOB_async_unwind_tables=TRUE -mGLOB_obj_output_file=/var/folders/w_/47y3vz812qbfttm_3lt694mw0000gn/T/ipo_ifortNWzIAF.o -mGLOB_source_dialect=GLOB_SOURCE_DIALECT_NONE -mP1OPT_source_file_name=ipo_out.f -mP2OPT_symtab_type_copy=true CMakeFiles/cmTC_f95c9.dir/CMakeFortranCompilerABI.F.o -mIPOPT_object_files=T -mIPOPT_assembly_files=/var/folders/w_/47y3vz812qbfttm_3lt694mw0000gn/T/ifortalisLYsHbc -mIPOPT_generated_tempfiles=/var/folders/w_/47y3vz812qbfttm_3lt694mw0000gn/T/ifortelisraPwsW -mIPOPT_embedded_object_base_name=/var/folders/w_/47y3vz812qbfttm_3lt694mw0000gn/T/iforteobjIiSlET]
  link line: [/Applications/Xcode.app/Contents/Developer/Toolchains/XcodeDefault.xctoolchain/usr/bin/ld    -dynamic -arch x86_64 -weak_reference_mismatches non-weak -macosx_version_min 10.11.6 -o cmTC_f95c9 /opt/intel/compilers_and_libraries_2017.1.126/mac/compiler/lib/for_main.o -L/opt/intel/compilers_and_libraries_2017.1.126/mac/compiler/lib -L/opt/intel/compilers_and_libraries_2017.1.126/mac/mkl/lib -L/opt/intel/compilers_and_libraries_2017.1.126/mac/compiler/lib -L/opt/intel/compilers_and_libraries_2017.1.126/mac/mkl/lib -L/opt/intel/compilers_and_libraries_2017.1.126/mac/compiler/lib -L/usr/lib CMakeFiles/cmTC_f95c9.dir/CMakeFortranCompilerABI.F.o -v /opt/intel/compilers_and_libraries_2017.1.126/mac/compiler/lib/libifport.a /opt/intel/compilers_and_libraries_2017.1.126/mac/compiler/lib/libifcoremt.a /opt/intel/compilers_and_libraries_2017.1.126/mac/compiler/lib/libimf.a /opt/intel/compilers_and_libraries_2017.1.126/mac/compiler/lib/libsvml.a /opt/intel/compilers_and_libraries_2017.1.126/mac/compiler/lib/libipgo.a -lSystem /opt/intel/compilers_and_libraries_2017.1.126/mac/compiler/lib/libirc.a -lpthread /opt/intel/compilers_and_libraries_2017.1.126/mac/compiler/lib/libsvml.a /Applications/Xcode.app/Contents/Developer/Toolchains/XcodeDefault.xctoolchain/usr/bin/../lib/clang/7.3.0/lib/darwin/libclang_rt.osx.a]
    arg [/Applications/Xcode.app/Contents/Developer/Toolchains/XcodeDefault.xctoolchain/usr/bin/ld] ==> ignore
    arg [-dynamic] ==> ignore
    arg [-arch] ==> ignore
    arg [x86_64] ==> ignore
    arg [-weak_reference_mismatches] ==> ignore
    arg [non-weak] ==> ignore
    arg [-macosx_version_min] ==> ignore
    arg [10.11.6] ==> ignore
    arg [-o] ==> ignore
    arg [cmTC_f95c9] ==> ignore
    arg [/opt/intel/compilers_and_libraries_2017.1.126/mac/compiler/lib/for_main.o] ==> ignore
    arg [-L/opt/intel/compilers_and_libraries_2017.1.126/mac/compiler/lib] ==> dir [/opt/intel/compilers_and_libraries_2017.1.126/mac/compiler/lib]
    arg [-L/opt/intel/compilers_and_libraries_2017.1.126/mac/mkl/lib] ==> dir [/opt/intel/compilers_and_libraries_2017.1.126/mac/mkl/lib]
    arg [-L/opt/intel/compilers_and_libraries_2017.1.126/mac/compiler/lib] ==> dir [/opt/intel/compilers_and_libraries_2017.1.126/mac/compiler/lib]
    arg [-L/opt/intel/compilers_and_libraries_2017.1.126/mac/mkl/lib] ==> dir [/opt/intel/compilers_and_libraries_2017.1.126/mac/mkl/lib]
    arg [-L/opt/intel/compilers_and_libraries_2017.1.126/mac/compiler/lib] ==> dir [/opt/intel/compilers_and_libraries_2017.1.126/mac/compiler/lib]
    arg [-L/usr/lib] ==> dir [/usr/lib]
    arg [CMakeFiles/cmTC_f95c9.dir/CMakeFortranCompilerABI.F.o] ==> ignore
    arg [-v] ==> ignore
    arg [/opt/intel/compilers_and_libraries_2017.1.126/mac/compiler/lib/libifport.a] ==> lib [/opt/intel/compilers_and_libraries_2017.1.126/mac/compiler/lib/libifport.a]
    arg [/opt/intel/compilers_and_libraries_2017.1.126/mac/compiler/lib/libifcoremt.a] ==> lib [/opt/intel/compilers_and_libraries_2017.1.126/mac/compiler/lib/libifcoremt.a]
    arg [/opt/intel/compilers_and_libraries_2017.1.126/mac/compiler/lib/libimf.a] ==> lib [/opt/intel/compilers_and_libraries_2017.1.126/mac/compiler/lib/libimf.a]
    arg [/opt/intel/compilers_and_libraries_2017.1.126/mac/compiler/lib/libsvml.a] ==> lib [/opt/intel/compilers_and_libraries_2017.1.126/mac/compiler/lib/libsvml.a]
    arg [/opt/intel/compilers_and_libraries_2017.1.126/mac/compiler/lib/libipgo.a] ==> lib [/opt/intel/compilers_and_libraries_2017.1.126/mac/compiler/lib/libipgo.a]
    arg [-lSystem] ==> lib [System]
    arg [/opt/intel/compilers_and_libraries_2017.1.126/mac/compiler/lib/libirc.a] ==> lib [/opt/intel/compilers_and_libraries_2017.1.126/mac/compiler/lib/libirc.a]
    arg [-lpthread] ==> lib [pthread]
    arg [/opt/intel/compilers_and_libraries_2017.1.126/mac/compiler/lib/libsvml.a] ==> lib [/opt/intel/compilers_and_libraries_2017.1.126/mac/compiler/lib/libsvml.a]
    arg [/Applications/Xcode.app/Contents/Developer/Toolchains/XcodeDefault.xctoolchain/usr/bin/../lib/clang/7.3.0/lib/darwin/libclang_rt.osx.a] ==> lib [/Applications/Xcode.app/Contents/Developer/Toolchains/XcodeDefault.xctoolchain/usr/bin/../lib/clang/7.3.0/lib/darwin/libclang_rt.osx.a]
  Library search paths: [;/opt/intel/compilers_and_libraries_2017.1.126/mac/compiler/lib;/opt/intel/compilers_and_libraries_2017.1.126/mac/mkl/lib;/opt/intel/compilers_and_libraries_2017.1.126/mac/compiler/lib;/opt/intel/compilers_and_libraries_2017.1.126/mac/mkl/lib;/opt/intel/compilers_and_libraries_2017.1.126/mac/compiler/lib;/usr/lib;/usr/lib;/usr/local/lib]
  Framework search paths: [;/Library/Frameworks/;/System/Library/Frameworks/]
  remove lib [System]
  remove lib [/Applications/Xcode.app/Contents/Developer/Toolchains/XcodeDefault.xctoolchain/usr/bin/../lib/clang/7.3.0/lib/darwin/libclang_rt.osx.a]
  collapse library dir [/opt/intel/compilers_and_libraries_2017.1.126/mac/compiler/lib] ==> [/opt/intel/compilers_and_libraries_2017.1.126/mac/compiler/lib]
  collapse library dir [/opt/intel/compilers_and_libraries_2017.1.126/mac/mkl/lib] ==> [/opt/intel/compilers_and_libraries_2017.1.126/mac/mkl/lib]
  collapse library dir [/opt/intel/compilers_and_libraries_2017.1.126/mac/compiler/lib] ==> [/opt/intel/compilers_and_libraries_2017.1.126/mac/compiler/lib]
  collapse library dir [/opt/intel/compilers_and_libraries_2017.1.126/mac/mkl/lib] ==> [/opt/intel/compilers_and_libraries_2017.1.126/mac/mkl/lib]
  collapse library dir [/opt/intel/compilers_and_libraries_2017.1.126/mac/compiler/lib] ==> [/opt/intel/compilers_and_libraries_2017.1.126/mac/compiler/lib]
  collapse library dir [/usr/lib] ==> [/usr/lib]
  collapse library dir [/opt/intel/compilers_and_libraries_2017.1.126/mac/compiler/lib] ==> [/opt/intel/compilers_and_libraries_2017.1.126/mac/compiler/lib]
  collapse library dir [/opt/intel/compilers_and_libraries_2017.1.126/mac/mkl/lib] ==> [/opt/intel/compilers_and_libraries_2017.1.126/mac/mkl/lib]
  collapse library dir [/opt/intel/compilers_and_libraries_2017.1.126/mac/compiler/lib] ==> [/opt/intel/compilers_and_libraries_2017.1.126/mac/compiler/lib]
  collapse library dir [/opt/intel/compilers_and_libraries_2017.1.126/mac/mkl/lib] ==> [/opt/intel/compilers_and_libraries_2017.1.126/mac/mkl/lib]
  collapse library dir [/opt/intel/compilers_and_libraries_2017.1.126/mac/compiler/lib] ==> [/opt/intel/compilers_and_libraries_2017.1.126/mac/compiler/lib]
  collapse library dir [/usr/lib] ==> [/usr/lib]
  collapse library dir [/usr/lib] ==> [/usr/lib]
  collapse library dir [/usr/local/lib] ==> [/usr/local/lib]
  collapse framework dir [/Library/Frameworks/] ==> [/Library/Frameworks]
  collapse framework dir [/System/Library/Frameworks/] ==> [/System/Library/Frameworks]
  implicit libs: [/opt/intel/compilers_and_libraries_2017.1.126/mac/compiler/lib/libifport.a;/opt/intel/compilers_and_libraries_2017.1.126/mac/compiler/lib/libifcoremt.a;/opt/intel/compilers_and_libraries_2017.1.126/mac/compiler/lib/libimf.a;/opt/intel/compilers_and_libraries_2017.1.126/mac/compiler/lib/libsvml.a;/opt/intel/compilers_and_libraries_2017.1.126/mac/compiler/lib/libipgo.a;/opt/intel/compilers_and_libraries_2017.1.126/mac/compiler/lib/libirc.a;pthread;/opt/intel/compilers_and_libraries_2017.1.126/mac/compiler/lib/libsvml.a]
  implicit dirs: [/opt/intel/compilers_and_libraries_2017.1.126/mac/compiler/lib;/opt/intel/compilers_and_libraries_2017.1.126/mac/mkl/lib;/usr/lib;/usr/local/lib]
  implicit fwks: [/Library/Frameworks;/System/Library/Frameworks]


Determining if the Fortran compiler supports Fortran 90 passed with the following output:
Change Dir: /Users/Meow/Documents/physics/research/InfiniteNanotubeBundle/CMakeFiles/CMakeTmp

Run Build Command:"/usr/bin/make" "cmTC_0bba1/fast"
/Applications/Xcode.app/Contents/Developer/usr/bin/make -f CMakeFiles/cmTC_0bba1.dir/build.make CMakeFiles/cmTC_0bba1.dir/build
Building Fortran object CMakeFiles/cmTC_0bba1.dir/testFortranCompilerF90.f90.o
/opt/intel/compilers_and_libraries_2017.1.126/mac/bin/intel64/ifort     -c /Users/Meow/Documents/physics/research/InfiniteNanotubeBundle/CMakeFiles/CMakeTmp/testFortranCompilerF90.f90 -o CMakeFiles/cmTC_0bba1.dir/testFortranCompilerF90.f90.o
Linking Fortran executable cmTC_0bba1
/usr/local/Cellar/cmake/3.7.1/bin/cmake -E cmake_link_script CMakeFiles/cmTC_0bba1.dir/link.txt --verbose=1
/opt/intel/compilers_and_libraries_2017.1.126/mac/bin/intel64/ifort       CMakeFiles/cmTC_0bba1.dir/testFortranCompilerF90.f90.o  -o cmTC_0bba1  


Compiling the C compiler identification source file "CMakeCCompilerId.c" succeeded.
Compiler: /Applications/Xcode.app/Contents/Developer/Toolchains/XcodeDefault.xctoolchain/usr/bin/cc 
Build flags: 
Id flags: 

The output was:
0


Compilation of the C compiler identification source "CMakeCCompilerId.c" produced "a.out"

The C compiler identification is AppleClang, found in "/Users/Meow/Documents/physics/research/InfiniteNanotubeBundle/CMakeFiles/3.7.1/CompilerIdC/a.out"

Compiling the CXX compiler identification source file "CMakeCXXCompilerId.cpp" succeeded.
Compiler: /Applications/Xcode.app/Contents/Developer/Toolchains/XcodeDefault.xctoolchain/usr/bin/c++ 
Build flags: 
Id flags: 

The output was:
0


Compilation of the CXX compiler identification source "CMakeCXXCompilerId.cpp" produced "a.out"

The CXX compiler identification is AppleClang, found in "/Users/Meow/Documents/physics/research/InfiniteNanotubeBundle/CMakeFiles/3.7.1/CompilerIdCXX/a.out"

Determining if the C compiler works passed with the following output:
Change Dir: /Users/Meow/Documents/physics/research/InfiniteNanotubeBundle/CMakeFiles/CMakeTmp

Run Build Command:"/usr/bin/make" "cmTC_343f5/fast"
/Applications/Xcode.app/Contents/Developer/usr/bin/make -f CMakeFiles/cmTC_343f5.dir/build.make CMakeFiles/cmTC_343f5.dir/build
Building C object CMakeFiles/cmTC_343f5.dir/testCCompiler.c.o
/Applications/Xcode.app/Contents/Developer/Toolchains/XcodeDefault.xctoolchain/usr/bin/cc     -o CMakeFiles/cmTC_343f5.dir/testCCompiler.c.o   -c /Users/Meow/Documents/physics/research/InfiniteNanotubeBundle/CMakeFiles/CMakeTmp/testCCompiler.c
Linking C executable cmTC_343f5
/usr/local/Cellar/cmake/3.7.1/bin/cmake -E cmake_link_script CMakeFiles/cmTC_343f5.dir/link.txt --verbose=1
/Applications/Xcode.app/Contents/Developer/Toolchains/XcodeDefault.xctoolchain/usr/bin/cc    -Wl,-search_paths_first -Wl,-headerpad_max_install_names   CMakeFiles/cmTC_343f5.dir/testCCompiler.c.o  -o cmTC_343f5  


Detecting C compiler ABI info compiled with the following output:
Change Dir: /Users/Meow/Documents/physics/research/InfiniteNanotubeBundle/CMakeFiles/CMakeTmp

Run Build Command:"/usr/bin/make" "cmTC_c4a0c/fast"
/Applications/Xcode.app/Contents/Developer/usr/bin/make -f CMakeFiles/cmTC_c4a0c.dir/build.make CMakeFiles/cmTC_c4a0c.dir/build
Building C object CMakeFiles/cmTC_c4a0c.dir/CMakeCCompilerABI.c.o
/Applications/Xcode.app/Contents/Developer/Toolchains/XcodeDefault.xctoolchain/usr/bin/cc     -o CMakeFiles/cmTC_c4a0c.dir/CMakeCCompilerABI.c.o   -c /usr/local/Cellar/cmake/3.7.1/share/cmake/Modules/CMakeCCompilerABI.c
Linking C executable cmTC_c4a0c
/usr/local/Cellar/cmake/3.7.1/bin/cmake -E cmake_link_script CMakeFiles/cmTC_c4a0c.dir/link.txt --verbose=1
/Applications/Xcode.app/Contents/Developer/Toolchains/XcodeDefault.xctoolchain/usr/bin/cc    -Wl,-search_paths_first -Wl,-headerpad_max_install_names  -v -Wl,-v CMakeFiles/cmTC_c4a0c.dir/CMakeCCompilerABI.c.o  -o cmTC_c4a0c   
Apple LLVM version 7.3.0 (clang-703.0.29)
Target: x86_64-apple-darwin15.6.0
Thread model: posix
InstalledDir: /Applications/Xcode.app/Contents/Developer/Toolchains/XcodeDefault.xctoolchain/usr/bin
 "/Applications/Xcode.app/Contents/Developer/Toolchains/XcodeDefault.xctoolchain/usr/bin/ld" -demangle -dynamic -arch x86_64 -macosx_version_min 10.11.0 -o cmTC_c4a0c -search_paths_first -headerpad_max_install_names -v CMakeFiles/cmTC_c4a0c.dir/CMakeCCompilerABI.c.o -L/opt/intel/compilers_and_libraries_2017.1.126/mac/compiler/lib -L/opt/intel/compilers_and_libraries_2017.1.126/mac/mkl/lib -L/opt/intel/compilers_and_libraries_2017.1.126/mac/compiler/lib -L/opt/intel/compilers_and_libraries_2017.1.126/mac/mkl/lib -lSystem /Applications/Xcode.app/Contents/Developer/Toolchains/XcodeDefault.xctoolchain/usr/bin/../lib/clang/7.3.0/lib/darwin/libclang_rt.osx.a
@(#)PROGRAM:ld  PROJECT:ld64-264.3.101
configured to support archs: armv6 armv7 armv7s arm64 i386 x86_64 x86_64h armv6m armv7k armv7m armv7em (tvOS)
Library search paths:
	/opt/intel/compilers_and_libraries_2017.1.126/mac/compiler/lib
	/opt/intel/compilers_and_libraries_2017.1.126/mac/mkl/lib
	/opt/intel/compilers_and_libraries_2017.1.126/mac/compiler/lib
	/opt/intel/compilers_and_libraries_2017.1.126/mac/mkl/lib
	/usr/lib
	/usr/local/lib
Framework search paths:
	/Library/Frameworks/
	/System/Library/Frameworks/


Parsed C implicit link information from above output:
  link line regex: [^( *|.*[/\])(ld|([^/\]+-)?ld|collect2)[^/\]*( |$)]
  ignore line: [Change Dir: /Users/Meow/Documents/physics/research/InfiniteNanotubeBundle/CMakeFiles/CMakeTmp]
  ignore line: []
  ignore line: [Run Build Command:"/usr/bin/make" "cmTC_c4a0c/fast"]
  ignore line: [/Applications/Xcode.app/Contents/Developer/usr/bin/make -f CMakeFiles/cmTC_c4a0c.dir/build.make CMakeFiles/cmTC_c4a0c.dir/build]
  ignore line: [Building C object CMakeFiles/cmTC_c4a0c.dir/CMakeCCompilerABI.c.o]
  ignore line: [/Applications/Xcode.app/Contents/Developer/Toolchains/XcodeDefault.xctoolchain/usr/bin/cc     -o CMakeFiles/cmTC_c4a0c.dir/CMakeCCompilerABI.c.o   -c /usr/local/Cellar/cmake/3.7.1/share/cmake/Modules/CMakeCCompilerABI.c]
  ignore line: [Linking C executable cmTC_c4a0c]
  ignore line: [/usr/local/Cellar/cmake/3.7.1/bin/cmake -E cmake_link_script CMakeFiles/cmTC_c4a0c.dir/link.txt --verbose=1]
  ignore line: [/Applications/Xcode.app/Contents/Developer/Toolchains/XcodeDefault.xctoolchain/usr/bin/cc    -Wl,-search_paths_first -Wl,-headerpad_max_install_names  -v -Wl,-v CMakeFiles/cmTC_c4a0c.dir/CMakeCCompilerABI.c.o  -o cmTC_c4a0c   ]
  ignore line: [Apple LLVM version 7.3.0 (clang-703.0.29)]
  ignore line: [Target: x86_64-apple-darwin15.6.0]
  ignore line: [Thread model: posix]
  ignore line: [InstalledDir: /Applications/Xcode.app/Contents/Developer/Toolchains/XcodeDefault.xctoolchain/usr/bin]
  link line: [ "/Applications/Xcode.app/Contents/Developer/Toolchains/XcodeDefault.xctoolchain/usr/bin/ld" -demangle -dynamic -arch x86_64 -macosx_version_min 10.11.0 -o cmTC_c4a0c -search_paths_first -headerpad_max_install_names -v CMakeFiles/cmTC_c4a0c.dir/CMakeCCompilerABI.c.o -L/opt/intel/compilers_and_libraries_2017.1.126/mac/compiler/lib -L/opt/intel/compilers_and_libraries_2017.1.126/mac/mkl/lib -L/opt/intel/compilers_and_libraries_2017.1.126/mac/compiler/lib -L/opt/intel/compilers_and_libraries_2017.1.126/mac/mkl/lib -lSystem /Applications/Xcode.app/Contents/Developer/Toolchains/XcodeDefault.xctoolchain/usr/bin/../lib/clang/7.3.0/lib/darwin/libclang_rt.osx.a]
    arg [/Applications/Xcode.app/Contents/Developer/Toolchains/XcodeDefault.xctoolchain/usr/bin/ld] ==> ignore
    arg [-demangle] ==> ignore
    arg [-dynamic] ==> ignore
    arg [-arch] ==> ignore
    arg [x86_64] ==> ignore
    arg [-macosx_version_min] ==> ignore
    arg [10.11.0] ==> ignore
    arg [-o] ==> ignore
    arg [cmTC_c4a0c] ==> ignore
    arg [-search_paths_first] ==> ignore
    arg [-headerpad_max_install_names] ==> ignore
    arg [-v] ==> ignore
    arg [CMakeFiles/cmTC_c4a0c.dir/CMakeCCompilerABI.c.o] ==> ignore
    arg [-L/opt/intel/compilers_and_libraries_2017.1.126/mac/compiler/lib] ==> dir [/opt/intel/compilers_and_libraries_2017.1.126/mac/compiler/lib]
    arg [-L/opt/intel/compilers_and_libraries_2017.1.126/mac/mkl/lib] ==> dir [/opt/intel/compilers_and_libraries_2017.1.126/mac/mkl/lib]
    arg [-L/opt/intel/compilers_and_libraries_2017.1.126/mac/compiler/lib] ==> dir [/opt/intel/compilers_and_libraries_2017.1.126/mac/compiler/lib]
    arg [-L/opt/intel/compilers_and_libraries_2017.1.126/mac/mkl/lib] ==> dir [/opt/intel/compilers_and_libraries_2017.1.126/mac/mkl/lib]
    arg [-lSystem] ==> lib [System]
    arg [/Applications/Xcode.app/Contents/Developer/Toolchains/XcodeDefault.xctoolchain/usr/bin/../lib/clang/7.3.0/lib/darwin/libclang_rt.osx.a] ==> lib [/Applications/Xcode.app/Contents/Developer/Toolchains/XcodeDefault.xctoolchain/usr/bin/../lib/clang/7.3.0/lib/darwin/libclang_rt.osx.a]
  Library search paths: [;/opt/intel/compilers_and_libraries_2017.1.126/mac/compiler/lib;/opt/intel/compilers_and_libraries_2017.1.126/mac/mkl/lib;/opt/intel/compilers_and_libraries_2017.1.126/mac/compiler/lib;/opt/intel/compilers_and_libraries_2017.1.126/mac/mkl/lib;/usr/lib;/usr/local/lib]
  Framework search paths: [;/Library/Frameworks/;/System/Library/Frameworks/]
  remove lib [System]
  remove lib [/Applications/Xcode.app/Contents/Developer/Toolchains/XcodeDefault.xctoolchain/usr/bin/../lib/clang/7.3.0/lib/darwin/libclang_rt.osx.a]
  collapse library dir [/opt/intel/compilers_and_libraries_2017.1.126/mac/compiler/lib] ==> [/opt/intel/compilers_and_libraries_2017.1.126/mac/compiler/lib]
  collapse library dir [/opt/intel/compilers_and_libraries_2017.1.126/mac/mkl/lib] ==> [/opt/intel/compilers_and_libraries_2017.1.126/mac/mkl/lib]
  collapse library dir [/opt/intel/compilers_and_libraries_2017.1.126/mac/compiler/lib] ==> [/opt/intel/compilers_and_libraries_2017.1.126/mac/compiler/lib]
  collapse library dir [/opt/intel/compilers_and_libraries_2017.1.126/mac/mkl/lib] ==> [/opt/intel/compilers_and_libraries_2017.1.126/mac/mkl/lib]
  collapse library dir [/opt/intel/compilers_and_libraries_2017.1.126/mac/compiler/lib] ==> [/opt/intel/compilers_and_libraries_2017.1.126/mac/compiler/lib]
  collapse library dir [/opt/intel/compilers_and_libraries_2017.1.126/mac/mkl/lib] ==> [/opt/intel/compilers_and_libraries_2017.1.126/mac/mkl/lib]
  collapse library dir [/opt/intel/compilers_and_libraries_2017.1.126/mac/compiler/lib] ==> [/opt/intel/compilers_and_libraries_2017.1.126/mac/compiler/lib]
  collapse library dir [/opt/intel/compilers_and_libraries_2017.1.126/mac/mkl/lib] ==> [/opt/intel/compilers_and_libraries_2017.1.126/mac/mkl/lib]
  collapse library dir [/usr/lib] ==> [/usr/lib]
  collapse library dir [/usr/local/lib] ==> [/usr/local/lib]
  collapse framework dir [/Library/Frameworks/] ==> [/Library/Frameworks]
  collapse framework dir [/System/Library/Frameworks/] ==> [/System/Library/Frameworks]
  implicit libs: []
  implicit dirs: [/opt/intel/compilers_and_libraries_2017.1.126/mac/compiler/lib;/opt/intel/compilers_and_libraries_2017.1.126/mac/mkl/lib;/usr/lib;/usr/local/lib]
  implicit fwks: [/Library/Frameworks;/System/Library/Frameworks]




Detecting C [-std=c11] compiler features compiled with the following output:
Change Dir: /Users/Meow/Documents/physics/research/InfiniteNanotubeBundle/CMakeFiles/CMakeTmp

Run Build Command:"/usr/bin/make" "cmTC_21348/fast"
/Applications/Xcode.app/Contents/Developer/usr/bin/make -f CMakeFiles/cmTC_21348.dir/build.make CMakeFiles/cmTC_21348.dir/build
Building C object CMakeFiles/cmTC_21348.dir/feature_tests.c.o
/Applications/Xcode.app/Contents/Developer/Toolchains/XcodeDefault.xctoolchain/usr/bin/cc    -std=c11 -o CMakeFiles/cmTC_21348.dir/feature_tests.c.o   -c /Users/Meow/Documents/physics/research/InfiniteNanotubeBundle/CMakeFiles/feature_tests.c
Linking C executable cmTC_21348
/usr/local/Cellar/cmake/3.7.1/bin/cmake -E cmake_link_script CMakeFiles/cmTC_21348.dir/link.txt --verbose=1
/Applications/Xcode.app/Contents/Developer/Toolchains/XcodeDefault.xctoolchain/usr/bin/cc    -Wl,-search_paths_first -Wl,-headerpad_max_install_names   CMakeFiles/cmTC_21348.dir/feature_tests.c.o  -o cmTC_21348  


    Feature record: C_FEATURE:1c_function_prototypes
    Feature record: C_FEATURE:1c_restrict
    Feature record: C_FEATURE:1c_static_assert
    Feature record: C_FEATURE:1c_variadic_macros


Detecting C [-std=c99] compiler features compiled with the following output:
Change Dir: /Users/Meow/Documents/physics/research/InfiniteNanotubeBundle/CMakeFiles/CMakeTmp

Run Build Command:"/usr/bin/make" "cmTC_3cc80/fast"
/Applications/Xcode.app/Contents/Developer/usr/bin/make -f CMakeFiles/cmTC_3cc80.dir/build.make CMakeFiles/cmTC_3cc80.dir/build
Building C object CMakeFiles/cmTC_3cc80.dir/feature_tests.c.o
/Applications/Xcode.app/Contents/Developer/Toolchains/XcodeDefault.xctoolchain/usr/bin/cc    -std=c99 -o CMakeFiles/cmTC_3cc80.dir/feature_tests.c.o   -c /Users/Meow/Documents/physics/research/InfiniteNanotubeBundle/CMakeFiles/feature_tests.c
Linking C executable cmTC_3cc80
/usr/local/Cellar/cmake/3.7.1/bin/cmake -E cmake_link_script CMakeFiles/cmTC_3cc80.dir/link.txt --verbose=1
/Applications/Xcode.app/Contents/Developer/Toolchains/XcodeDefault.xctoolchain/usr/bin/cc    -Wl,-search_paths_first -Wl,-headerpad_max_install_names   CMakeFiles/cmTC_3cc80.dir/feature_tests.c.o  -o cmTC_3cc80  


    Feature record: C_FEATURE:1c_function_prototypes
    Feature record: C_FEATURE:1c_restrict
    Feature record: C_FEATURE:0c_static_assert
    Feature record: C_FEATURE:1c_variadic_macros


Detecting C [-std=c90] compiler features compiled with the following output:
Change Dir: /Users/Meow/Documents/physics/research/InfiniteNanotubeBundle/CMakeFiles/CMakeTmp

Run Build Command:"/usr/bin/make" "cmTC_27b5f/fast"
/Applications/Xcode.app/Contents/Developer/usr/bin/make -f CMakeFiles/cmTC_27b5f.dir/build.make CMakeFiles/cmTC_27b5f.dir/build
Building C object CMakeFiles/cmTC_27b5f.dir/feature_tests.c.o
/Applications/Xcode.app/Contents/Developer/Toolchains/XcodeDefault.xctoolchain/usr/bin/cc    -std=c90 -o CMakeFiles/cmTC_27b5f.dir/feature_tests.c.o   -c /Users/Meow/Documents/physics/research/InfiniteNanotubeBundle/CMakeFiles/feature_tests.c
Linking C executable cmTC_27b5f
/usr/local/Cellar/cmake/3.7.1/bin/cmake -E cmake_link_script CMakeFiles/cmTC_27b5f.dir/link.txt --verbose=1
/Applications/Xcode.app/Contents/Developer/Toolchains/XcodeDefault.xctoolchain/usr/bin/cc    -Wl,-search_paths_first -Wl,-headerpad_max_install_names   CMakeFiles/cmTC_27b5f.dir/feature_tests.c.o  -o cmTC_27b5f  


    Feature record: C_FEATURE:1c_function_prototypes
    Feature record: C_FEATURE:0c_restrict
    Feature record: C_FEATURE:0c_static_assert
    Feature record: C_FEATURE:0c_variadic_macros
Determining if the CXX compiler works passed with the following output:
Change Dir: /Users/Meow/Documents/physics/research/InfiniteNanotubeBundle/CMakeFiles/CMakeTmp

Run Build Command:"/usr/bin/make" "cmTC_52a2c/fast"
/Applications/Xcode.app/Contents/Developer/usr/bin/make -f CMakeFiles/cmTC_52a2c.dir/build.make CMakeFiles/cmTC_52a2c.dir/build
Building CXX object CMakeFiles/cmTC_52a2c.dir/testCXXCompiler.cxx.o
/Applications/Xcode.app/Contents/Developer/Toolchains/XcodeDefault.xctoolchain/usr/bin/c++      -o CMakeFiles/cmTC_52a2c.dir/testCXXCompiler.cxx.o -c /Users/Meow/Documents/physics/research/InfiniteNanotubeBundle/CMakeFiles/CMakeTmp/testCXXCompiler.cxx
Linking CXX executable cmTC_52a2c
/usr/local/Cellar/cmake/3.7.1/bin/cmake -E cmake_link_script CMakeFiles/cmTC_52a2c.dir/link.txt --verbose=1
/Applications/Xcode.app/Contents/Developer/Toolchains/XcodeDefault.xctoolchain/usr/bin/c++     -Wl,-search_paths_first -Wl,-headerpad_max_install_names   CMakeFiles/cmTC_52a2c.dir/testCXXCompiler.cxx.o  -o cmTC_52a2c  


Detecting CXX compiler ABI info compiled with the following output:
Change Dir: /Users/Meow/Documents/physics/research/InfiniteNanotubeBundle/CMakeFiles/CMakeTmp

Run Build Command:"/usr/bin/make" "cmTC_5d5e6/fast"
/Applications/Xcode.app/Contents/Developer/usr/bin/make -f CMakeFiles/cmTC_5d5e6.dir/build.make CMakeFiles/cmTC_5d5e6.dir/build
Building CXX object CMakeFiles/cmTC_5d5e6.dir/CMakeCXXCompilerABI.cpp.o
/Applications/Xcode.app/Contents/Developer/Toolchains/XcodeDefault.xctoolchain/usr/bin/c++      -o CMakeFiles/cmTC_5d5e6.dir/CMakeCXXCompilerABI.cpp.o -c /usr/local/Cellar/cmake/3.7.1/share/cmake/Modules/CMakeCXXCompilerABI.cpp
Linking CXX executable cmTC_5d5e6
/usr/local/Cellar/cmake/3.7.1/bin/cmake -E cmake_link_script CMakeFiles/cmTC_5d5e6.dir/link.txt --verbose=1
/Applications/Xcode.app/Contents/Developer/Toolchains/XcodeDefault.xctoolchain/usr/bin/c++     -Wl,-search_paths_first -Wl,-headerpad_max_install_names  -v -Wl,-v CMakeFiles/cmTC_5d5e6.dir/CMakeCXXCompilerABI.cpp.o  -o cmTC_5d5e6   
Apple LLVM version 7.3.0 (clang-703.0.29)
Target: x86_64-apple-darwin15.6.0
Thread model: posix
InstalledDir: /Applications/Xcode.app/Contents/Developer/Toolchains/XcodeDefault.xctoolchain/usr/bin
 "/Applications/Xcode.app/Contents/Developer/Toolchains/XcodeDefault.xctoolchain/usr/bin/ld" -demangle -dynamic -arch x86_64 -macosx_version_min 10.11.0 -o cmTC_5d5e6 -search_paths_first -headerpad_max_install_names -v CMakeFiles/cmTC_5d5e6.dir/CMakeCXXCompilerABI.cpp.o -L/opt/intel/compilers_and_libraries_2017.1.126/mac/compiler/lib -L/opt/intel/compilers_and_libraries_2017.1.126/mac/mkl/lib -L/opt/intel/compilers_and_libraries_2017.1.126/mac/compiler/lib -L/opt/intel/compilers_and_libraries_2017.1.126/mac/mkl/lib -lc++ -lSystem /Applications/Xcode.app/Contents/Developer/Toolchains/XcodeDefault.xctoolchain/usr/bin/../lib/clang/7.3.0/lib/darwin/libclang_rt.osx.a
@(#)PROGRAM:ld  PROJECT:ld64-264.3.101
configured to support archs: armv6 armv7 armv7s arm64 i386 x86_64 x86_64h armv6m armv7k armv7m armv7em (tvOS)
Library search paths:
	/opt/intel/compilers_and_libraries_2017.1.126/mac/compiler/lib
	/opt/intel/compilers_and_libraries_2017.1.126/mac/mkl/lib
	/opt/intel/compilers_and_libraries_2017.1.126/mac/compiler/lib
	/opt/intel/compilers_and_libraries_2017.1.126/mac/mkl/lib
	/usr/lib
	/usr/local/lib
Framework search paths:
	/Library/Frameworks/
	/System/Library/Frameworks/


Parsed CXX implicit link information from above output:
  link line regex: [^( *|.*[/\])(ld|([^/\]+-)?ld|collect2)[^/\]*( |$)]
  ignore line: [Change Dir: /Users/Meow/Documents/physics/research/InfiniteNanotubeBundle/CMakeFiles/CMakeTmp]
  ignore line: []
  ignore line: [Run Build Command:"/usr/bin/make" "cmTC_5d5e6/fast"]
  ignore line: [/Applications/Xcode.app/Contents/Developer/usr/bin/make -f CMakeFiles/cmTC_5d5e6.dir/build.make CMakeFiles/cmTC_5d5e6.dir/build]
  ignore line: [Building CXX object CMakeFiles/cmTC_5d5e6.dir/CMakeCXXCompilerABI.cpp.o]
  ignore line: [/Applications/Xcode.app/Contents/Developer/Toolchains/XcodeDefault.xctoolchain/usr/bin/c++      -o CMakeFiles/cmTC_5d5e6.dir/CMakeCXXCompilerABI.cpp.o -c /usr/local/Cellar/cmake/3.7.1/share/cmake/Modules/CMakeCXXCompilerABI.cpp]
  ignore line: [Linking CXX executable cmTC_5d5e6]
  ignore line: [/usr/local/Cellar/cmake/3.7.1/bin/cmake -E cmake_link_script CMakeFiles/cmTC_5d5e6.dir/link.txt --verbose=1]
  ignore line: [/Applications/Xcode.app/Contents/Developer/Toolchains/XcodeDefault.xctoolchain/usr/bin/c++     -Wl,-search_paths_first -Wl,-headerpad_max_install_names  -v -Wl,-v CMakeFiles/cmTC_5d5e6.dir/CMakeCXXCompilerABI.cpp.o  -o cmTC_5d5e6   ]
  ignore line: [Apple LLVM version 7.3.0 (clang-703.0.29)]
  ignore line: [Target: x86_64-apple-darwin15.6.0]
  ignore line: [Thread model: posix]
  ignore line: [InstalledDir: /Applications/Xcode.app/Contents/Developer/Toolchains/XcodeDefault.xctoolchain/usr/bin]
  link line: [ "/Applications/Xcode.app/Contents/Developer/Toolchains/XcodeDefault.xctoolchain/usr/bin/ld" -demangle -dynamic -arch x86_64 -macosx_version_min 10.11.0 -o cmTC_5d5e6 -search_paths_first -headerpad_max_install_names -v CMakeFiles/cmTC_5d5e6.dir/CMakeCXXCompilerABI.cpp.o -L/opt/intel/compilers_and_libraries_2017.1.126/mac/compiler/lib -L/opt/intel/compilers_and_libraries_2017.1.126/mac/mkl/lib -L/opt/intel/compilers_and_libraries_2017.1.126/mac/compiler/lib -L/opt/intel/compilers_and_libraries_2017.1.126/mac/mkl/lib -lc++ -lSystem /Applications/Xcode.app/Contents/Developer/Toolchains/XcodeDefault.xctoolchain/usr/bin/../lib/clang/7.3.0/lib/darwin/libclang_rt.osx.a]
    arg [/Applications/Xcode.app/Contents/Developer/Toolchains/XcodeDefault.xctoolchain/usr/bin/ld] ==> ignore
    arg [-demangle] ==> ignore
    arg [-dynamic] ==> ignore
    arg [-arch] ==> ignore
    arg [x86_64] ==> ignore
    arg [-macosx_version_min] ==> ignore
    arg [10.11.0] ==> ignore
    arg [-o] ==> ignore
    arg [cmTC_5d5e6] ==> ignore
    arg [-search_paths_first] ==> ignore
    arg [-headerpad_max_install_names] ==> ignore
    arg [-v] ==> ignore
    arg [CMakeFiles/cmTC_5d5e6.dir/CMakeCXXCompilerABI.cpp.o] ==> ignore
    arg [-L/opt/intel/compilers_and_libraries_2017.1.126/mac/compiler/lib] ==> dir [/opt/intel/compilers_and_libraries_2017.1.126/mac/compiler/lib]
    arg [-L/opt/intel/compilers_and_libraries_2017.1.126/mac/mkl/lib] ==> dir [/opt/intel/compilers_and_libraries_2017.1.126/mac/mkl/lib]
    arg [-L/opt/intel/compilers_and_libraries_2017.1.126/mac/compiler/lib] ==> dir [/opt/intel/compilers_and_libraries_2017.1.126/mac/compiler/lib]
    arg [-L/opt/intel/compilers_and_libraries_2017.1.126/mac/mkl/lib] ==> dir [/opt/intel/compilers_and_libraries_2017.1.126/mac/mkl/lib]
    arg [-lc++] ==> lib [c++]
    arg [-lSystem] ==> lib [System]
    arg [/Applications/Xcode.app/Contents/Developer/Toolchains/XcodeDefault.xctoolchain/usr/bin/../lib/clang/7.3.0/lib/darwin/libclang_rt.osx.a] ==> lib [/Applications/Xcode.app/Contents/Developer/Toolchains/XcodeDefault.xctoolchain/usr/bin/../lib/clang/7.3.0/lib/darwin/libclang_rt.osx.a]
  Library search paths: [;/opt/intel/compilers_and_libraries_2017.1.126/mac/compiler/lib;/opt/intel/compilers_and_libraries_2017.1.126/mac/mkl/lib;/opt/intel/compilers_and_libraries_2017.1.126/mac/compiler/lib;/opt/intel/compilers_and_libraries_2017.1.126/mac/mkl/lib;/usr/lib;/usr/local/lib]
  Framework search paths: [;/Library/Frameworks/;/System/Library/Frameworks/]
  remove lib [System]
  remove lib [/Applications/Xcode.app/Contents/Developer/Toolchains/XcodeDefault.xctoolchain/usr/bin/../lib/clang/7.3.0/lib/darwin/libclang_rt.osx.a]
  collapse library dir [/opt/intel/compilers_and_libraries_2017.1.126/mac/compiler/lib] ==> [/opt/intel/compilers_and_libraries_2017.1.126/mac/compiler/lib]
  collapse library dir [/opt/intel/compilers_and_libraries_2017.1.126/mac/mkl/lib] ==> [/opt/intel/compilers_and_libraries_2017.1.126/mac/mkl/lib]
  collapse library dir [/opt/intel/compilers_and_libraries_2017.1.126/mac/compiler/lib] ==> [/opt/intel/compilers_and_libraries_2017.1.126/mac/compiler/lib]
  collapse library dir [/opt/intel/compilers_and_libraries_2017.1.126/mac/mkl/lib] ==> [/opt/intel/compilers_and_libraries_2017.1.126/mac/mkl/lib]
  collapse library dir [/opt/intel/compilers_and_libraries_2017.1.126/mac/compiler/lib] ==> [/opt/intel/compilers_and_libraries_2017.1.126/mac/compiler/lib]
  collapse library dir [/opt/intel/compilers_and_libraries_2017.1.126/mac/mkl/lib] ==> [/opt/intel/compilers_and_libraries_2017.1.126/mac/mkl/lib]
  collapse library dir [/opt/intel/compilers_and_libraries_2017.1.126/mac/compiler/lib] ==> [/opt/intel/compilers_and_libraries_2017.1.126/mac/compiler/lib]
  collapse library dir [/opt/intel/compilers_and_libraries_2017.1.126/mac/mkl/lib] ==> [/opt/intel/compilers_and_libraries_2017.1.126/mac/mkl/lib]
  collapse library dir [/usr/lib] ==> [/usr/lib]
  collapse library dir [/usr/local/lib] ==> [/usr/local/lib]
  collapse framework dir [/Library/Frameworks/] ==> [/Library/Frameworks]
  collapse framework dir [/System/Library/Frameworks/] ==> [/System/Library/Frameworks]
  implicit libs: [c++]
  implicit dirs: [/opt/intel/compilers_and_libraries_2017.1.126/mac/compiler/lib;/opt/intel/compilers_and_libraries_2017.1.126/mac/mkl/lib;/usr/lib;/usr/local/lib]
  implicit fwks: [/Library/Frameworks;/System/Library/Frameworks]




Detecting CXX [-std=c++14] compiler features compiled with the following output:
Change Dir: /Users/Meow/Documents/physics/research/InfiniteNanotubeBundle/CMakeFiles/CMakeTmp

Run Build Command:"/usr/bin/make" "cmTC_06664/fast"
/Applications/Xcode.app/Contents/Developer/usr/bin/make -f CMakeFiles/cmTC_06664.dir/build.make CMakeFiles/cmTC_06664.dir/build
Building CXX object CMakeFiles/cmTC_06664.dir/feature_tests.cxx.o
/Applications/Xcode.app/Contents/Developer/Toolchains/XcodeDefault.xctoolchain/usr/bin/c++     -std=c++14 -o CMakeFiles/cmTC_06664.dir/feature_tests.cxx.o -c /Users/Meow/Documents/physics/research/InfiniteNanotubeBundle/CMakeFiles/feature_tests.cxx
Linking CXX executable cmTC_06664
/usr/local/Cellar/cmake/3.7.1/bin/cmake -E cmake_link_script CMakeFiles/cmTC_06664.dir/link.txt --verbose=1
/Applications/Xcode.app/Contents/Developer/Toolchains/XcodeDefault.xctoolchain/usr/bin/c++     -Wl,-search_paths_first -Wl,-headerpad_max_install_names   CMakeFiles/cmTC_06664.dir/feature_tests.cxx.o  -o cmTC_06664  


    Feature record: CXX_FEATURE:1cxx_aggregate_default_initializers
    Feature record: CXX_FEATURE:1cxx_alias_templates
    Feature record: CXX_FEATURE:1cxx_alignas
    Feature record: CXX_FEATURE:1cxx_alignof
    Feature record: CXX_FEATURE:1cxx_attributes
    Feature record: CXX_FEATURE:1cxx_attribute_deprecated
    Feature record: CXX_FEATURE:1cxx_auto_type
    Feature record: CXX_FEATURE:1cxx_binary_literals
    Feature record: CXX_FEATURE:1cxx_constexpr
    Feature record: CXX_FEATURE:1cxx_contextual_conversions
    Feature record: CXX_FEATURE:1cxx_decltype
    Feature record: CXX_FEATURE:1cxx_decltype_auto
    Feature record: CXX_FEATURE:1cxx_decltype_incomplete_return_types
    Feature record: CXX_FEATURE:1cxx_default_function_template_args
    Feature record: CXX_FEATURE:1cxx_defaulted_functions
    Feature record: CXX_FEATURE:1cxx_defaulted_move_initializers
    Feature record: CXX_FEATURE:1cxx_delegating_constructors
    Feature record: CXX_FEATURE:1cxx_deleted_functions
    Feature record: CXX_FEATURE:1cxx_digit_separators
    Feature record: CXX_FEATURE:1cxx_enum_forward_declarations
    Feature record: CXX_FEATURE:1cxx_explicit_conversions
    Feature record: CXX_FEATURE:1cxx_extended_friend_declarations
    Feature record: CXX_FEATURE:1cxx_extern_templates
    Feature record: CXX_FEATURE:1cxx_final
    Feature record: CXX_FEATURE:1cxx_func_identifier
    Feature record: CXX_FEATURE:1cxx_generalized_initializers
    Feature record: CXX_FEATURE:1cxx_generic_lambdas
    Feature record: CXX_FEATURE:1cxx_inheriting_constructors
    Feature record: CXX_FEATURE:1cxx_inline_namespaces
    Feature record: CXX_FEATURE:1cxx_lambdas
    Feature record: CXX_FEATURE:1cxx_lambda_init_captures
    Feature record: CXX_FEATURE:1cxx_local_type_template_args
    Feature record: CXX_FEATURE:1cxx_long_long_type
    Feature record: CXX_FEATURE:1cxx_noexcept
    Feature record: CXX_FEATURE:1cxx_nonstatic_member_init
    Feature record: CXX_FEATURE:1cxx_nullptr
    Feature record: CXX_FEATURE:1cxx_override
    Feature record: CXX_FEATURE:1cxx_range_for
    Feature record: CXX_FEATURE:1cxx_raw_string_literals
    Feature record: CXX_FEATURE:1cxx_reference_qualified_functions
    Feature record: CXX_FEATURE:1cxx_relaxed_constexpr
    Feature record: CXX_FEATURE:1cxx_return_type_deduction
    Feature record: CXX_FEATURE:1cxx_right_angle_brackets
    Feature record: CXX_FEATURE:1cxx_rvalue_references
    Feature record: CXX_FEATURE:1cxx_sizeof_member
    Feature record: CXX_FEATURE:1cxx_static_assert
    Feature record: CXX_FEATURE:1cxx_strong_enums
    Feature record: CXX_FEATURE:1cxx_template_template_parameters
    Feature record: CXX_FEATURE:0cxx_thread_local
    Feature record: CXX_FEATURE:1cxx_trailing_return_types
    Feature record: CXX_FEATURE:1cxx_unicode_literals
    Feature record: CXX_FEATURE:1cxx_uniform_initialization
    Feature record: CXX_FEATURE:1cxx_unrestricted_unions
    Feature record: CXX_FEATURE:1cxx_user_literals
    Feature record: CXX_FEATURE:1cxx_variable_templates
    Feature record: CXX_FEATURE:1cxx_variadic_macros
    Feature record: CXX_FEATURE:1cxx_variadic_templates


Detecting CXX [-std=c++11] compiler features compiled with the following output:
Change Dir: /Users/Meow/Documents/physics/research/InfiniteNanotubeBundle/CMakeFiles/CMakeTmp

Run Build Command:"/usr/bin/make" "cmTC_f9dbb/fast"
/Applications/Xcode.app/Contents/Developer/usr/bin/make -f CMakeFiles/cmTC_f9dbb.dir/build.make CMakeFiles/cmTC_f9dbb.dir/build
Building CXX object CMakeFiles/cmTC_f9dbb.dir/feature_tests.cxx.o
/Applications/Xcode.app/Contents/Developer/Toolchains/XcodeDefault.xctoolchain/usr/bin/c++     -std=c++11 -o CMakeFiles/cmTC_f9dbb.dir/feature_tests.cxx.o -c /Users/Meow/Documents/physics/research/InfiniteNanotubeBundle/CMakeFiles/feature_tests.cxx
Linking CXX executable cmTC_f9dbb
/usr/local/Cellar/cmake/3.7.1/bin/cmake -E cmake_link_script CMakeFiles/cmTC_f9dbb.dir/link.txt --verbose=1
/Applications/Xcode.app/Contents/Developer/Toolchains/XcodeDefault.xctoolchain/usr/bin/c++     -Wl,-search_paths_first -Wl,-headerpad_max_install_names   CMakeFiles/cmTC_f9dbb.dir/feature_tests.cxx.o  -o cmTC_f9dbb  


    Feature record: CXX_FEATURE:0cxx_aggregate_default_initializers
    Feature record: CXX_FEATURE:1cxx_alias_templates
    Feature record: CXX_FEATURE:1cxx_alignas
    Feature record: CXX_FEATURE:1cxx_alignof
    Feature record: CXX_FEATURE:1cxx_attributes
    Feature record: CXX_FEATURE:0cxx_attribute_deprecated
    Feature record: CXX_FEATURE:1cxx_auto_type
    Feature record: CXX_FEATURE:0cxx_binary_literals
    Feature record: CXX_FEATURE:1cxx_constexpr
    Feature record: CXX_FEATURE:0cxx_contextual_conversions
    Feature record: CXX_FEATURE:1cxx_decltype
    Feature record: CXX_FEATURE:0cxx_decltype_auto
    Feature record: CXX_FEATURE:1cxx_decltype_incomplete_return_types
    Feature record: CXX_FEATURE:1cxx_default_function_template_args
    Feature record: CXX_FEATURE:1cxx_defaulted_functions
    Feature record: CXX_FEATURE:1cxx_defaulted_move_initializers
    Feature record: CXX_FEATURE:1cxx_delegating_constructors
    Feature record: CXX_FEATURE:1cxx_deleted_functions
    Feature record: CXX_FEATURE:0cxx_digit_separators
    Feature record: CXX_FEATURE:1cxx_enum_forward_declarations
    Feature record: CXX_FEATURE:1cxx_explicit_conversions
    Feature record: CXX_FEATURE:1cxx_extended_friend_declarations
    Feature record: CXX_FEATURE:1cxx_extern_templates
    Feature record: CXX_FEATURE:1cxx_final
    Feature record: CXX_FEATURE:1cxx_func_identifier
    Feature record: CXX_FEATURE:1cxx_generalized_initializers
    Feature record: CXX_FEATURE:0cxx_generic_lambdas
    Feature record: CXX_FEATURE:1cxx_inheriting_constructors
    Feature record: CXX_FEATURE:1cxx_inline_namespaces
    Feature record: CXX_FEATURE:1cxx_lambdas
    Feature record: CXX_FEATURE:0cxx_lambda_init_captures
    Feature record: CXX_FEATURE:1cxx_local_type_template_args
    Feature record: CXX_FEATURE:1cxx_long_long_type
    Feature record: CXX_FEATURE:1cxx_noexcept
    Feature record: CXX_FEATURE:1cxx_nonstatic_member_init
    Feature record: CXX_FEATURE:1cxx_nullptr
    Feature record: CXX_FEATURE:1cxx_override
    Feature record: CXX_FEATURE:1cxx_range_for
    Feature record: CXX_FEATURE:1cxx_raw_string_literals
    Feature record: CXX_FEATURE:1cxx_reference_qualified_functions
    Feature record: CXX_FEATURE:0cxx_relaxed_constexpr
    Feature record: CXX_FEATURE:0cxx_return_type_deduction
    Feature record: CXX_FEATURE:1cxx_right_angle_brackets
    Feature record: CXX_FEATURE:1cxx_rvalue_references
    Feature record: CXX_FEATURE:1cxx_sizeof_member
    Feature record: CXX_FEATURE:1cxx_static_assert
    Feature record: CXX_FEATURE:1cxx_strong_enums
    Feature record: CXX_FEATURE:1cxx_template_template_parameters
    Feature record: CXX_FEATURE:0cxx_thread_local
    Feature record: CXX_FEATURE:1cxx_trailing_return_types
    Feature record: CXX_FEATURE:1cxx_unicode_literals
    Feature record: CXX_FEATURE:1cxx_uniform_initialization
    Feature record: CXX_FEATURE:1cxx_unrestricted_unions
    Feature record: CXX_FEATURE:1cxx_user_literals
    Feature record: CXX_FEATURE:0cxx_variable_templates
    Feature record: CXX_FEATURE:1cxx_variadic_macros
    Feature record: CXX_FEATURE:1cxx_variadic_templates


Detecting CXX [-std=c++98] compiler features compiled with the following output:
Change Dir: /Users/Meow/Documents/physics/research/InfiniteNanotubeBundle/CMakeFiles/CMakeTmp

Run Build Command:"/usr/bin/make" "cmTC_9280a/fast"
/Applications/Xcode.app/Contents/Developer/usr/bin/make -f CMakeFiles/cmTC_9280a.dir/build.make CMakeFiles/cmTC_9280a.dir/build
Building CXX object CMakeFiles/cmTC_9280a.dir/feature_tests.cxx.o
/Applications/Xcode.app/Contents/Developer/Toolchains/XcodeDefault.xctoolchain/usr/bin/c++     -std=c++98 -o CMakeFiles/cmTC_9280a.dir/feature_tests.cxx.o -c /Users/Meow/Documents/physics/research/InfiniteNanotubeBundle/CMakeFiles/feature_tests.cxx
Linking CXX executable cmTC_9280a
/usr/local/Cellar/cmake/3.7.1/bin/cmake -E cmake_link_script CMakeFiles/cmTC_9280a.dir/link.txt --verbose=1
/Applications/Xcode.app/Contents/Developer/Toolchains/XcodeDefault.xctoolchain/usr/bin/c++     -Wl,-search_paths_first -Wl,-headerpad_max_install_names   CMakeFiles/cmTC_9280a.dir/feature_tests.cxx.o  -o cmTC_9280a  


    Feature record: CXX_FEATURE:0cxx_aggregate_default_initializers
    Feature record: CXX_FEATURE:0cxx_alias_templates
    Feature record: CXX_FEATURE:0cxx_alignas
    Feature record: CXX_FEATURE:0cxx_alignof
    Feature record: CXX_FEATURE:0cxx_attributes
    Feature record: CXX_FEATURE:0cxx_attribute_deprecated
    Feature record: CXX_FEATURE:0cxx_auto_type
    Feature record: CXX_FEATURE:0cxx_binary_literals
    Feature record: CXX_FEATURE:0cxx_constexpr
    Feature record: CXX_FEATURE:0cxx_contextual_conversions
    Feature record: CXX_FEATURE:0cxx_decltype
    Feature record: CXX_FEATURE:0cxx_decltype_auto
    Feature record: CXX_FEATURE:0cxx_decltype_incomplete_return_types
    Feature record: CXX_FEATURE:0cxx_default_function_template_args
    Feature record: CXX_FEATURE:0cxx_defaulted_functions
    Feature record: CXX_FEATURE:0cxx_defaulted_move_initializers
    Feature record: CXX_FEATURE:0cxx_delegating_constructors
    Feature record: CXX_FEATURE:0cxx_deleted_functions
    Feature record: CXX_FEATURE:0cxx_digit_separators
    Feature record: CXX_FEATURE:0cxx_enum_forward_declarations
    Feature record: CXX_FEATURE:0cxx_explicit_conversions
    Feature record: CXX_FEATURE:0cxx_extended_friend_declarations
    Feature record: CXX_FEATURE:0cxx_extern_templates
    Feature record: CXX_FEATURE:0cxx_final
    Feature record: CXX_FEATURE:0cxx_func_identifier
    Feature record: CXX_FEATURE:0cxx_generalized_initializers
    Feature record: CXX_FEATURE:0cxx_generic_lambdas
    Feature record: CXX_FEATURE:0cxx_inheriting_constructors
    Feature record: CXX_FEATURE:0cxx_inline_namespaces
    Feature record: CXX_FEATURE:0cxx_lambdas
    Feature record: CXX_FEATURE:0cxx_lambda_init_captures
    Feature record: CXX_FEATURE:0cxx_local_type_template_args
    Feature record: CXX_FEATURE:0cxx_long_long_type
    Feature record: CXX_FEATURE:0cxx_noexcept
    Feature record: CXX_FEATURE:0cxx_nonstatic_member_init
    Feature record: CXX_FEATURE:0cxx_nullptr
    Feature record: CXX_FEATURE:0cxx_override
    Feature record: CXX_FEATURE:0cxx_range_for
    Feature record: CXX_FEATURE:0cxx_raw_string_literals
    Feature record: CXX_FEATURE:0cxx_reference_qualified_functions
    Feature record: CXX_FEATURE:0cxx_relaxed_constexpr
    Feature record: CXX_FEATURE:0cxx_return_type_deduction
    Feature record: CXX_FEATURE:0cxx_right_angle_brackets
    Feature record: CXX_FEATURE:0cxx_rvalue_references
    Feature record: CXX_FEATURE:0cxx_sizeof_member
    Feature record: CXX_FEATURE:0cxx_static_assert
    Feature record: CXX_FEATURE:0cxx_strong_enums
    Feature record: CXX_FEATURE:1cxx_template_template_parameters
    Feature record: CXX_FEATURE:0cxx_thread_local
    Feature record: CXX_FEATURE:0cxx_trailing_return_types
    Feature record: CXX_FEATURE:0cxx_unicode_literals
    Feature record: CXX_FEATURE:0cxx_uniform_initialization
    Feature record: CXX_FEATURE:0cxx_unrestricted_unions
    Feature record: CXX_FEATURE:0cxx_user_literals
    Feature record: CXX_FEATURE:0cxx_variable_templates
    Feature record: CXX_FEATURE:0cxx_variadic_macros
    Feature record: CXX_FEATURE:0cxx_variadic_templates
